 # <fortpy version="3" revision="247"></fortpy>
Mn1 Bi1   
bulk
  4.5005579       0.0000000       0.0000000        # a1 parent lattice vector
  2.2502789       3.8975975       0.0000000        # a2 parent lattice vector
  2.2502789       1.2991992       3.6746901        # a3 parent lattice vector
    2 # Number of points in the multilattice
  6.7508368       3.8975976       2.7560177        # d01 d-vector, labels: 0/1
  0.0000000       0.0000000       0.0000000        # d02 d-vector, labels: 2
 3-nary case
   1   6 # Starting and ending cell sizes for search
 0.10000000E-06 # Epsilon (finite precision parameter)
Concentration check:
    T
Including only structures of which the concentration   of each atom is in the range:
Type 1:    1/   2 --    1/   2
Type 2:    1/   2 --    1/   2
Type 3:    0/   1 --    0/   1
full list of labelings (including incomplete labelings) is used
(Non)Equivalency list: 1  2
start   #tot      HNF     Hdegn   labdegn   Totdegn   #size idx    pg    SNF             HNF                 Left transform                          labeling
          1         1       4        2        8           1   2     6   1  1  2    1  0  1  0  0  2      1    0    0    0    1    0    0    0    1   0122
          2         2       3        2        6           2   2     8   1  1  2    1  0  1  0  1  2      1    0    0    0    1    0    0   -1    1   0122
          3         3       4        4       16           1   4     6   1  1  4    1  0  1  0  0  4      1    0    0    0    1    0    0    0    1   00112222
          4         4      12        4       48           2   4     2   1  1  4    1  0  1  0  2  4      1    0    0    0    1    0    0   -2    1   00112222
          5         5       6        4       24           3   4     4   1  1  4    1  0  1  0  1  4      1    0    0    0    1    0    0   -1    1   00112222
          6         6       3        4       12           4   4     8   1  1  4    1  0  1  0  3  4      1    0    0    0    1    0    0   -3    1   00112222
          7         7       3        4       12           5   4     8   1  1  4    1  0  1  1  2  4      1    0    0    0    1    0   -1   -2    1   00112222
          8        10       4        6       24           1   6     6   1  1  6    1  0  1  0  0  6      1    0    0    0    1    0    0    0    1   000111222222
          9        11      12        6       72           2   6     2   1  1  6    1  0  1  0  2  6      1    0    0    0    1    0    0   -2    1   000111222222
         10        12      12        6       72           3   6     2   1  1  6    1  0  1  0  3  6      1    0    0    0    1    0    0   -3    1   000111222222
         11        13      12        6       72           4   6     2   1  1  6    1  0  1  0  4  6      1    0    0    0    1    0    0   -4    1   000111222222
         12        14      12        6       72           5   6     2   1  1  6    1  0  1  2  2  6      1    0    0    0    1    0   -2   -2    1   000111222222
         13        10       4        6       24           6   6     6   1  1  6    1  0  1  0  0  6      1    0    0    0    1    0    0    0    1   001011222222
         14        11      12        6       72           7   6     2   1  1  6    1  0  1  0  2  6      1    0    0    0    1    0    0   -2    1   001011222222
         15        12      12        6       72           8   6     2   1  1  6    1  0  1  0  3  6      1    0    0    0    1    0    0   -3    1   001011222222
         16        13      12        6       72           9   6     2   1  1  6    1  0  1  0  4  6      1    0    0    0    1    0    0   -4    1   001011222222
         17        14      12        6       72          10   6     2   1  1  6    1  0  1  2  2  6      1    0    0    0    1    0   -2   -2    1   001011222222
         18        10       4        6       24          11   6     6   1  1  6    1  0  1  0  0  6      1    0    0    0    1    0    0    0    1   001101222222
         19        11      12        6       72          12   6     2   1  1  6    1  0  1  0  2  6      1    0    0    0    1    0    0   -2    1   001101222222
         20        12      12        6       72          13   6     2   1  1  6    1  0  1  0  3  6      1    0    0    0    1    0    0   -3    1   001101222222
         21        13      12        6       72          14   6     2   1  1  6    1  0  1  0  4  6      1    0    0    0    1    0    0   -4    1   001101222222
         22        14      12        6       72          15   6     2   1  1  6    1  0  1  2  2  6      1    0    0    0    1    0   -2   -2    1   001101222222
         23        15       6        6       36          16   6     4   1  1  6    1  0  1  0  1  6      1    0    0    0    1    0    0   -1    1   000111222222
         24        16      12        6       72          17   6     2   1  1  6    1  0  1  1  3  6      1    0    0    0    1    0   -1   -3    1   000111222222
         25        15       6       12       72          18   6     4   1  1  6    1  0  1  0  1  6      1    0    0    0    1    0    0   -1    1   001011222222
         26        16      12       12      144          19   6     2   1  1  6    1  0  1  1  3  6      1    0    0    0    1    0   -1   -3    1   001011222222
         27        17       3        6       18          20   6     8   1  1  6    1  0  1  0  5  6      1    0    0    0    1    0    0   -5    1   000111222222
         28        18      12        6       72          21   6     2   1  1  6    1  0  1  1  2  6      1    0    0    0    1    0   -1   -2    1   000111222222
         29        17       3       12       36          22   6     8   1  1  6    1  0  1  0  5  6      1    0    0    0    1    0    0   -5    1   001011222222
         30        18      12       12      144          23   6     2   1  1  6    1  0  1  1  2  6      1    0    0    0    1    0   -1   -2    1   001011222222
         31        19       6        6       36          24   6     4   1  1  6    1  0  1  2  3  6      1    0    0    0    1    0   -2   -3    1   000111222222
         32        19       6       12       72          25   6     4   1  1  6    1  0  1  2  3  6      1    0    0    0    1    0   -2   -3    1   001011222222
