 # <fortpy version="3" revision="247"></fortpy>
Co        
bulk
  2.4921827       0.0000000       0.0000000        # a1 parent lattice vector
 -1.2460914       2.1582936       0.0000000        # a2 parent lattice vector
  0.0000000       0.0000000       4.0214200        # a3 parent lattice vector
    2 # Number of points in the multilattice
-0.12160000E-05   1.4388629       1.0053550        # d01 d-vector, labels: 0/1
  1.2460927      0.71943039       3.0160651        # d02 d-vector, labels: 0/1
 2-nary case
   1   4 # Starting and ending cell sizes for search
 0.10000000E-06 # Epsilon (finite precision parameter)
Concentration check:
    T
Including only structures of which the concentration   of each atom is in the range:
Type 1:    1/   2 --    1/   2
Type 2:    1/   2 --    1/   2
full list of labelings (including incomplete labelings) is used
(Non)Equivalency list: 1  2
start   #tot      HNF     Hdegn   labdegn   Totdegn   #size idx    pg    SNF             HNF                 Left transform                          labeling
          1         1       1        0        0           1   1    24   1  1  1    1  0  1  0  0  1      1    0    0    0    1    0    0    0    1   01
          2         2       1        0        0           1   2    24   1  1  2    1  0  1  0  0  2      1    0    0    0    1    0    0    0    1   0101
          3         3       3        0        0           2   2     8   1  1  2    1  0  1  0  1  2      1    0    0    0    1    0    0   -1    1   0101
          4         4       3        0        0           3   2     8   1  1  2    1  0  2  0  0  1      1    0    0    0    0    1    0    1    0   0101
          5         4       3        0        0           4   2     8   1  1  2    1  0  2  0  0  1      1    0    0    0    0    1    0    1    0   0110
          6         5       1        0        0           1   3    24   1  1  3    1  0  1  0  0  3      1    0    0    0    1    0    0    0    1   001011
          7         5       1        0        0           2   3    24   1  1  3    1  0  1  0  0  3      1    0    0    0    1    0    0    0    1   001101
          8         6       6        0        0           3   3     4   1  1  3    1  0  1  0  1  3      1    0    0    0    1    0    0   -1    1   001011
          9         6       6        0        0           4   3     4   1  1  3    1  0  1  0  1  3      1    0    0    0    1    0    0   -1    1   001101
         10         6       6        0        0           5   3     4   1  1  3    1  0  1  0  1  3      1    0    0    0    1    0    0   -1    1   001110
         11         7       2        0        0           6   3    12   1  1  3    1  0  1  1  1  3      1    0    0    0    1    0   -1   -1    1   001011
         12         8       3        0        0           7   3     8   1  1  3    1  0  3  0  0  1      1    0    0    0    0    1    0    1    0   001011
         13         8       3        0        0           8   3     8   1  1  3    1  0  3  0  0  1      1    0    0    0    0    1    0    1    0   001101
         14         8       3        0        0           9   3     8   1  1  3    1  0  3  0  0  1      1    0    0    0    0    1    0    1    0   001110
         15         9       1        0        0          10   3    24   1  1  3    1  2  3  0  0  1      1    0    0    0    0    1   -2    1    0   001011
         16        10       1        0        0           1   4    24   1  1  4    1  0  1  0  0  4      1    0    0    0    1    0    0    0    1   00010111
         17        11       3        0        0           2   4     8   1  1  4    1  0  1  0  2  4      1    0    0    0    1    0    0   -2    1   00010111
         18        10       1        0        0           3   4    24   1  1  4    1  0  1  0  0  4      1    0    0    0    1    0    0    0    1   00011101
         19        11       3        0        0           4   4     8   1  1  4    1  0  1  0  2  4      1    0    0    0    1    0    0   -2    1   00011101
         20        10       1        0        0           5   4    24   1  1  4    1  0  1  0  0  4      1    0    0    0    1    0    0    0    1   00110011
         21        11       3        0        0           6   4     8   1  1  4    1  0  1  0  2  4      1    0    0    0    1    0    0   -2    1   00110011
         22        10       1        0        0           7   4    24   1  1  4    1  0  1  0  0  4      1    0    0    0    1    0    0    0    1   00110101
         23        11       3        0        0           8   4     8   1  1  4    1  0  1  0  2  4      1    0    0    0    1    0    0   -2    1   00110101
         24        10       1        0        0           9   4    24   1  1  4    1  0  1  0  0  4      1    0    0    0    1    0    0    0    1   00111001
         25        11       3        0        0          10   4     8   1  1  4    1  0  1  0  2  4      1    0    0    0    1    0    0   -2    1   00111001
         26        10       1        0        0          11   4    24   1  1  4    1  0  1  0  0  4      1    0    0    0    1    0    0    0    1   00111010
         27        11       3        0        0          12   4     8   1  1  4    1  0  1  0  2  4      1    0    0    0    1    0    0   -2    1   00111010
         28        12       6        0        0          13   4     4   1  1  4    1  0  1  0  1  4      1    0    0    0    1    0    0   -1    1   00010111
         29        12       6        0        0          14   4     4   1  1  4    1  0  1  0  1  4      1    0    0    0    1    0    0   -1    1   00011011
         30        12       6        0        0          15   4     4   1  1  4    1  0  1  0  1  4      1    0    0    0    1    0    0   -1    1   00011101
         31        12       6        0        0          16   4     4   1  1  4    1  0  1  0  1  4      1    0    0    0    1    0    0   -1    1   00011110
         32        12       6        0        0          17   4     4   1  1  4    1  0  1  0  1  4      1    0    0    0    1    0    0   -1    1   00110011
         33        12       6        0        0          18   4     4   1  1  4    1  0  1  0  1  4      1    0    0    0    1    0    0   -1    1   00110101
         34        12       6        0        0          19   4     4   1  1  4    1  0  1  0  1  4      1    0    0    0    1    0    0   -1    1   00110110
         35        12       6        0        0          20   4     4   1  1  4    1  0  1  0  1  4      1    0    0    0    1    0    0   -1    1   00111001
         36        12       6        0        0          21   4     4   1  1  4    1  0  1  0  1  4      1    0    0    0    1    0    0   -1    1   00111010
         37        12       6        0        0          22   4     4   1  1  4    1  0  1  0  1  4      1    0    0    0    1    0    0   -1    1   00111100
         38        13       6        0        0          23   4     4   1  1  4    1  0  1  1  1  4      1    0    0    0    1    0   -1   -1    1   00010111
         39        13       6        0        0          24   4     4   1  1  4    1  0  1  1  1  4      1    0    0    0    1    0   -1   -1    1   00011101
         40        13       6        0        0          25   4     4   1  1  4    1  0  1  1  1  4      1    0    0    0    1    0   -1   -1    1   00110011
         41        13       6        0        0          26   4     4   1  1  4    1  0  1  1  1  4      1    0    0    0    1    0   -1   -1    1   00110101
         42        13       6        0        0          27   4     4   1  1  4    1  0  1  1  1  4      1    0    0    0    1    0   -1   -1    1   00111001
         43        13       6        0        0          28   4     4   1  1  4    1  0  1  1  1  4      1    0    0    0    1    0   -1   -1    1   00111010
         44        14       3        0        0          29   4     8   1  1  4    1  0  2  0  1  2      1    0    0    0    0    1    0   -1    2   00010111
         45        14       3        0        0          30   4     8   1  1  4    1  0  2  0  1  2      1    0    0    0    0    1    0   -1    2   00011011
         46        14       3        0        0          31   4     8   1  1  4    1  0  2  0  1  2      1    0    0    0    0    1    0   -1    2   00110011
         47        14       3        0        0          32   4     8   1  1  4    1  0  2  0  1  2      1    0    0    0    0    1    0   -1    2   00110101
         48        14       3        0        0          33   4     8   1  1  4    1  0  2  0  1  2      1    0    0    0    0    1    0   -1    2   00110110
         49        14       3        0        0          34   4     8   1  1  4    1  0  2  0  1  2      1    0    0    0    0    1    0   -1    2   00111010
         50        15       3        0        0          35   4     8   1  1  4    1  0  2  1  1  2      1    0    0   -1    0    1   -2   -1    2   00010111
         51        15       3        0        0          36   4     8   1  1  4    1  0  2  1  1  2      1    0    0   -1    0    1   -2   -1    2   00011011
         52        15       3        0        0          37   4     8   1  1  4    1  0  2  1  1  2      1    0    0   -1    0    1   -2   -1    2   00110011
         53        15       3        0        0          38   4     8   1  1  4    1  0  2  1  1  2      1    0    0   -1    0    1   -2   -1    2   00110101
         54        15       3        0        0          39   4     8   1  1  4    1  0  2  1  1  2      1    0    0   -1    0    1   -2   -1    2   00110110
         55        16       3        0        0          40   4     8   1  1  4    1  0  4  0  0  1      1    0    0    0    0    1    0    1    0   00010111
         56        16       3        0        0          41   4     8   1  1  4    1  0  4  0  0  1      1    0    0    0    0    1    0    1    0   00011011
         57        16       3        0        0          42   4     8   1  1  4    1  0  4  0  0  1      1    0    0    0    0    1    0    1    0   00011101
         58        16       3        0        0          43   4     8   1  1  4    1  0  4  0  0  1      1    0    0    0    0    1    0    1    0   00011110
         59        16       3        0        0          44   4     8   1  1  4    1  0  4  0  0  1      1    0    0    0    0    1    0    1    0   00110011
         60        16       3        0        0          45   4     8   1  1  4    1  0  4  0  0  1      1    0    0    0    0    1    0    1    0   00110101
         61        16       3        0        0          46   4     8   1  1  4    1  0  4  0  0  1      1    0    0    0    0    1    0    1    0   00110110
         62        16       3        0        0          47   4     8   1  1  4    1  0  4  0  0  1      1    0    0    0    0    1    0    1    0   00111001
         63        16       3        0        0          48   4     8   1  1  4    1  0  4  0  0  1      1    0    0    0    0    1    0    1    0   00111010
         64        16       3        0        0          49   4     8   1  1  4    1  0  4  0  0  1      1    0    0    0    0    1    0    1    0   00111100
         65        17       3        0        0          50   4     8   1  1  4    1  2  4  0  0  1      1    0    0    0    0    1   -2    1    0   00010111
         66        17       3        0        0          51   4     8   1  1  4    1  2  4  0  0  1      1    0    0    0    0    1   -2    1    0   00011011
         67        17       3        0        0          52   4     8   1  1  4    1  2  4  0  0  1      1    0    0    0    0    1   -2    1    0   00011101
         68        17       3        0        0          53   4     8   1  1  4    1  2  4  0  0  1      1    0    0    0    0    1   -2    1    0   00110011
         69        17       3        0        0          54   4     8   1  1  4    1  2  4  0  0  1      1    0    0    0    0    1   -2    1    0   00110101
         70        17       3        0        0          55   4     8   1  1  4    1  2  4  0  0  1      1    0    0    0    0    1   -2    1    0   00110110
         71        17       3        0        0          56   4     8   1  1  4    1  2  4  0  0  1      1    0    0    0    0    1   -2    1    0   00111001
         72        18       3        0        0          57   4     8   1  2  2    1  0  2  0  0  2      1    0    0    0    1    0    0    0    1   00010111
         73        18       3        0        0          58   4     8   1  2  2    1  0  2  0  0  2      1    0    0    0    1    0    0    0    1   00011101
         74        18       3        0        0          59   4     8   1  2  2    1  0  2  0  0  2      1    0    0    0    1    0    0    0    1   00110101
         75        18       3        0        0          60   4     8   1  2  2    1  0  2  0  0  2      1    0    0    0    1    0    0    0    1   00110110
         76        18       3        0        0          61   4     8   1  2  2    1  0  2  0  0  2      1    0    0    0    1    0    0    0    1   01010110
         77        19       3        0        0          62   4     8   1  2  2    1  0  2  1  0  2      1    0    0    0    1    0   -1    0    1   00010111
         78        19       3        0        0          63   4     8   1  2  2    1  0  2  1  0  2      1    0    0    0    1    0   -1    0    1   00011101
         79        19       3        0        0          64   4     8   1  2  2    1  0  2  1  0  2      1    0    0    0    1    0   -1    0    1   00110101
         80        19       3        0        0          65   4     8   1  2  2    1  0  2  1  0  2      1    0    0    0    1    0   -1    0    1   01010110
         81        20       1        0        0          66   4    24   1  2  2    2  0  2  0  0  1      0    0    1    0    1    0    1    0    0   00010111
         82        20       1        0        0          67   4    24   1  2  2    2  0  2  0  0  1      0    0    1    0    1    0    1    0    0   00011011
         83        20       1        0        0          68   4    24   1  2  2    2  0  2  0  0  1      0    0    1    0    1    0    1    0    0   00110101
