 # <fortpy version="3" revision="247"></fortpy>
Fe4 B2    
bulk
  4.1496000       0.0000000       0.0000000        # a1 parent lattice vector
 -1.9996000       3.6360000       0.0000000        # a2 parent lattice vector
 -1.0749000      -1.8180000       3.5718000        # a3 parent lattice vector
    6 # Number of points in the multilattice
 -1.5373000      0.90900000       2.9796000        # d01 d-vector, labels: 0/1
  2.6122000      0.90900000      0.59220000        # d02 d-vector, labels: 0/1
 0.56520000       2.1194000       1.7859000        # d03 d-vector, labels: 0/1
 0.50970000     -0.30140000       1.7859000        # d04 d-vector, labels: 0/1
  1.6124000       2.7270000       0.0000000        # d05 d-vector, labels: 2
 0.53740000      0.90900000       0.0000000        # d06 d-vector, labels: 2
 3-nary case
   1   2 # Starting and ending cell sizes for search
 0.10000000E-06 # Epsilon (finite precision parameter)
Concentration check:
    T
Including only structures of which the concentration   of each atom is in the range:
Type 1:    1/   2 --    1/   2
Type 2:    1/   2 --    1/   2
Type 3:    0/   1 --    0/   1
full list of labelings (including incomplete labelings) is used
(Non)Equivalency list: 1  2  3  4  5  6
start   #tot      HNF     Hdegn   labdegn   Totdegn   #size idx    pg    SNF             HNF                 Left transform                          labeling
          1         1       1        1        1           1   1     2   1  1  1    1  0  1  0  0  1      1    0    0    0    1    0    0    0    1   001122
          2         1       1        2        2           2   1     2   1  1  1    1  0  1  0  0  1      1    0    0    0    1    0    0    0    1   010122
          3         1       1        2        2           3   1     2   1  1  1    1  0  1  0  0  1      1    0    0    0    1    0    0    0    1   011022
          4         1       1        1        1           4   1     2   1  1  1    1  0  1  0  0  1      1    0    0    0    1    0    0    0    1   110022
          5         2       1        4        4           1   2     2   1  1  2    1  0  1  0  0  2      1    0    0    0    1    0    0    0    1   000101112222
          6         3       1        4        4           2   2     2   1  1  2    1  0  1  1  0  2      1    0    0    0    1    0   -1    0    1   000101112222
          7         4       1        4        4           3   2     2   1  1  2    1  0  2  0  0  1      1    0    0    0    0    1    0    1    0   000101112222
          8         5       1        4        4           4   2     2   1  1  2    1  1  2  0  0  1      1    0    0    0    0    1   -1    1    0   000101112222
          9         2       1        4        4           5   2     2   1  1  2    1  0  1  0  0  2      1    0    0    0    1    0    0    0    1   000110112222
         10         3       1        4        4           6   2     2   1  1  2    1  0  1  1  0  2      1    0    0    0    1    0   -1    0    1   000110112222
         11         4       1        4        4           7   2     2   1  1  2    1  0  2  0  0  1      1    0    0    0    0    1    0    1    0   000110112222
         12         5       1        4        4           8   2     2   1  1  2    1  1  2  0  0  1      1    0    0    0    0    1   -1    1    0   000110112222
         13         2       1        4        4           9   2     2   1  1  2    1  0  1  0  0  2      1    0    0    0    1    0    0    0    1   000111012222
         14         3       1        4        4          10   2     2   1  1  2    1  0  1  1  0  2      1    0    0    0    1    0   -1    0    1   000111012222
         15         4       1        4        4          11   2     2   1  1  2    1  0  2  0  0  1      1    0    0    0    0    1    0    1    0   000111012222
         16         5       1        4        4          12   2     2   1  1  2    1  1  2  0  0  1      1    0    0    0    0    1   -1    1    0   000111012222
         17         2       1        4        4          13   2     2   1  1  2    1  0  1  0  0  2      1    0    0    0    1    0    0    0    1   000111102222
         18         3       1        4        4          14   2     2   1  1  2    1  0  1  1  0  2      1    0    0    0    1    0   -1    0    1   000111102222
         19         4       1        4        4          15   2     2   1  1  2    1  0  2  0  0  1      1    0    0    0    0    1    0    1    0   000111102222
         20         5       1        4        4          16   2     2   1  1  2    1  1  2  0  0  1      1    0    0    0    0    1   -1    1    0   000111102222
         21         2       1        1        1          17   2     2   1  1  2    1  0  1  0  0  2      1    0    0    0    1    0    0    0    1   001101012222
         22         3       1        1        1          18   2     2   1  1  2    1  0  1  1  0  2      1    0    0    0    1    0   -1    0    1   001101012222
         23         4       1        1        1          19   2     2   1  1  2    1  0  2  0  0  1      1    0    0    0    0    1    0    1    0   001101012222
         24         5       1        1        1          20   2     2   1  1  2    1  1  2  0  0  1      1    0    0    0    0    1   -1    1    0   001101012222
         25         2       1        4        4          21   2     2   1  1  2    1  0  1  0  0  2      1    0    0    0    1    0    0    0    1   001101102222
         26         3       1        4        4          22   2     2   1  1  2    1  0  1  1  0  2      1    0    0    0    1    0   -1    0    1   001101102222
         27         4       1        4        4          23   2     2   1  1  2    1  0  2  0  0  1      1    0    0    0    0    1    0    1    0   001101102222
         28         5       1        4        4          24   2     2   1  1  2    1  1  2  0  0  1      1    0    0    0    0    1   -1    1    0   001101102222
         29         2       1        4        4          25   2     2   1  1  2    1  0  1  0  0  2      1    0    0    0    1    0    0    0    1   010100112222
         30         3       1        4        4          26   2     2   1  1  2    1  0  1  1  0  2      1    0    0    0    1    0   -1    0    1   010100112222
         31         4       1        4        4          27   2     2   1  1  2    1  0  2  0  0  1      1    0    0    0    0    1    0    1    0   010100112222
         32         5       1        4        4          28   2     2   1  1  2    1  1  2  0  0  1      1    0    0    0    0    1   -1    1    0   010100112222
         33         2       1        1        1          29   2     2   1  1  2    1  0  1  0  0  2      1    0    0    0    1    0    0    0    1   010101012222
         34         3       1        1        1          30   2     2   1  1  2    1  0  1  1  0  2      1    0    0    0    1    0   -1    0    1   010101012222
         35         4       1        1        1          31   2     2   1  1  2    1  0  2  0  0  1      1    0    0    0    0    1    0    1    0   010101012222
         36         5       1        1        1          32   2     2   1  1  2    1  1  2  0  0  1      1    0    0    0    0    1   -1    1    0   010101012222
         37         2       1        4        4          33   2     2   1  1  2    1  0  1  0  0  2      1    0    0    0    1    0    0    0    1   010101102222
         38         3       1        4        4          34   2     2   1  1  2    1  0  1  1  0  2      1    0    0    0    1    0   -1    0    1   010101102222
         39         4       1        4        4          35   2     2   1  1  2    1  0  2  0  0  1      1    0    0    0    0    1    0    1    0   010101102222
         40         5       1        4        4          36   2     2   1  1  2    1  1  2  0  0  1      1    0    0    0    0    1   -1    1    0   010101102222
         41         2       1        2        2          37   2     2   1  1  2    1  0  1  0  0  2      1    0    0    0    1    0    0    0    1   010110102222
         42         3       1        2        2          38   2     2   1  1  2    1  0  1  1  0  2      1    0    0    0    1    0   -1    0    1   010110102222
         43         4       1        2        2          39   2     2   1  1  2    1  0  2  0  0  1      1    0    0    0    0    1    0    1    0   010110102222
         44         5       1        2        2          40   2     2   1  1  2    1  1  2  0  0  1      1    0    0    0    0    1   -1    1    0   010110102222
         45         2       1        4        4          41   2     2   1  1  2    1  0  1  0  0  2      1    0    0    0    1    0    0    0    1   011000112222
         46         3       1        4        4          42   2     2   1  1  2    1  0  1  1  0  2      1    0    0    0    1    0   -1    0    1   011000112222
         47         4       1        4        4          43   2     2   1  1  2    1  0  2  0  0  1      1    0    0    0    0    1    0    1    0   011000112222
         48         5       1        4        4          44   2     2   1  1  2    1  1  2  0  0  1      1    0    0    0    0    1   -1    1    0   011000112222
         49         2       1        2        2          45   2     2   1  1  2    1  0  1  0  0  2      1    0    0    0    1    0    0    0    1   011001012222
         50         3       1        2        2          46   2     2   1  1  2    1  0  1  1  0  2      1    0    0    0    1    0   -1    0    1   011001012222
         51         4       1        2        2          47   2     2   1  1  2    1  0  2  0  0  1      1    0    0    0    0    1    0    1    0   011001012222
         52         5       1        2        2          48   2     2   1  1  2    1  1  2  0  0  1      1    0    0    0    0    1   -1    1    0   011001012222
         53         2       1        4        4          49   2     2   1  1  2    1  0  1  0  0  2      1    0    0    0    1    0    0    0    1   011001102222
         54         3       1        4        4          50   2     2   1  1  2    1  0  1  1  0  2      1    0    0    0    1    0   -1    0    1   011001102222
         55         4       1        4        4          51   2     2   1  1  2    1  0  2  0  0  1      1    0    0    0    0    1    0    1    0   011001102222
         56         5       1        4        4          52   2     2   1  1  2    1  1  2  0  0  1      1    0    0    0    0    1   -1    1    0   011001102222
         57         2       1        4        4          53   2     2   1  1  2    1  0  1  0  0  2      1    0    0    0    1    0    0    0    1   011010012222
         58         3       1        4        4          54   2     2   1  1  2    1  0  1  1  0  2      1    0    0    0    1    0   -1    0    1   011010012222
         59         4       1        4        4          55   2     2   1  1  2    1  0  2  0  0  1      1    0    0    0    0    1    0    1    0   011010012222
         60         5       1        4        4          56   2     2   1  1  2    1  1  2  0  0  1      1    0    0    0    0    1   -1    1    0   011010012222
         61         2       1        2        2          57   2     2   1  1  2    1  0  1  0  0  2      1    0    0    0    1    0    0    0    1   011100012222
         62         3       1        2        2          58   2     2   1  1  2    1  0  1  1  0  2      1    0    0    0    1    0   -1    0    1   011100012222
         63         4       1        2        2          59   2     2   1  1  2    1  0  2  0  0  1      1    0    0    0    0    1    0    1    0   011100012222
         64         5       1        2        2          60   2     2   1  1  2    1  1  2  0  0  1      1    0    0    0    0    1   -1    1    0   011100012222
         65         2       1        2        2          61   2     2   1  1  2    1  0  1  0  0  2      1    0    0    0    1    0    0    0    1   011100102222
         66         3       1        2        2          62   2     2   1  1  2    1  0  1  1  0  2      1    0    0    0    1    0   -1    0    1   011100102222
         67         4       1        2        2          63   2     2   1  1  2    1  0  2  0  0  1      1    0    0    0    0    1    0    1    0   011100102222
         68         5       1        2        2          64   2     2   1  1  2    1  1  2  0  0  1      1    0    0    0    0    1   -1    1    0   011100102222
         69         2       1        4        4          65   2     2   1  1  2    1  0  1  0  0  2      1    0    0    0    1    0    0    0    1   011101002222
         70         3       1        4        4          66   2     2   1  1  2    1  0  1  1  0  2      1    0    0    0    1    0   -1    0    1   011101002222
         71         4       1        4        4          67   2     2   1  1  2    1  0  2  0  0  1      1    0    0    0    0    1    0    1    0   011101002222
         72         5       1        4        4          68   2     2   1  1  2    1  1  2  0  0  1      1    0    0    0    0    1   -1    1    0   011101002222
         73         2       1        4        4          69   2     2   1  1  2    1  0  1  0  0  2      1    0    0    0    1    0    0    0    1   011110002222
         74         3       1        4        4          70   2     2   1  1  2    1  0  1  1  0  2      1    0    0    0    1    0   -1    0    1   011110002222
         75         4       1        4        4          71   2     2   1  1  2    1  0  2  0  0  1      1    0    0    0    0    1    0    1    0   011110002222
         76         5       1        4        4          72   2     2   1  1  2    1  1  2  0  0  1      1    0    0    0    0    1   -1    1    0   011110002222
         77         6       1        4        4          73   2     2   1  1  2    1  0  1  0  1  2      1    0    0    0    1    0    0   -1    1   000101112222
         78         7       1        4        4          74   2     2   1  1  2    1  0  1  1  1  2      1    0    0    0    1    0   -1   -1    1   000101112222
         79         8       1        4        4          75   2     2   1  1  2    2  0  1  0  0  1      0    1    0    0    0    1    1    0    0   000101112222
         80         6       1        4        4          76   2     2   1  1  2    1  0  1  0  1  2      1    0    0    0    1    0    0   -1    1   000110112222
         81         7       1        4        4          77   2     2   1  1  2    1  0  1  1  1  2      1    0    0    0    1    0   -1   -1    1   000110112222
         82         8       1        4        4          78   2     2   1  1  2    2  0  1  0  0  1      0    1    0    0    0    1    1    0    0   000110112222
         83         6       1        4        4          79   2     2   1  1  2    1  0  1  0  1  2      1    0    0    0    1    0    0   -1    1   000111012222
         84         7       1        4        4          80   2     2   1  1  2    1  0  1  1  1  2      1    0    0    0    1    0   -1   -1    1   000111012222
         85         8       1        4        4          81   2     2   1  1  2    2  0  1  0  0  1      0    1    0    0    0    1    1    0    0   000111012222
         86         6       1        4        4          82   2     2   1  1  2    1  0  1  0  1  2      1    0    0    0    1    0    0   -1    1   000111102222
         87         7       1        4        4          83   2     2   1  1  2    1  0  1  1  1  2      1    0    0    0    1    0   -1   -1    1   000111102222
         88         8       1        4        4          84   2     2   1  1  2    2  0  1  0  0  1      0    1    0    0    0    1    1    0    0   000111102222
         89         6       1        1        1          85   2     2   1  1  2    1  0  1  0  1  2      1    0    0    0    1    0    0   -1    1   001101012222
         90         7       1        1        1          86   2     2   1  1  2    1  0  1  1  1  2      1    0    0    0    1    0   -1   -1    1   001101012222
         91         8       1        1        1          87   2     2   1  1  2    2  0  1  0  0  1      0    1    0    0    0    1    1    0    0   001101012222
         92         6       1        4        4          88   2     2   1  1  2    1  0  1  0  1  2      1    0    0    0    1    0    0   -1    1   001101102222
         93         7       1        4        4          89   2     2   1  1  2    1  0  1  1  1  2      1    0    0    0    1    0   -1   -1    1   001101102222
         94         8       1        4        4          90   2     2   1  1  2    2  0  1  0  0  1      0    1    0    0    0    1    1    0    0   001101102222
         95         6       1        4        4          91   2     2   1  1  2    1  0  1  0  1  2      1    0    0    0    1    0    0   -1    1   010100112222
         96         7       1        4        4          92   2     2   1  1  2    1  0  1  1  1  2      1    0    0    0    1    0   -1   -1    1   010100112222
         97         8       1        4        4          93   2     2   1  1  2    2  0  1  0  0  1      0    1    0    0    0    1    1    0    0   010100112222
         98         6       1        1        1          94   2     2   1  1  2    1  0  1  0  1  2      1    0    0    0    1    0    0   -1    1   010101012222
         99         7       1        1        1          95   2     2   1  1  2    1  0  1  1  1  2      1    0    0    0    1    0   -1   -1    1   010101012222
        100         8       1        1        1          96   2     2   1  1  2    2  0  1  0  0  1      0    1    0    0    0    1    1    0    0   010101012222
        101         6       1        4        4          97   2     2   1  1  2    1  0  1  0  1  2      1    0    0    0    1    0    0   -1    1   010101102222
        102         7       1        4        4          98   2     2   1  1  2    1  0  1  1  1  2      1    0    0    0    1    0   -1   -1    1   010101102222
        103         8       1        4        4          99   2     2   1  1  2    2  0  1  0  0  1      0    1    0    0    0    1    1    0    0   010101102222
        104         6       1        2        2         100   2     2   1  1  2    1  0  1  0  1  2      1    0    0    0    1    0    0   -1    1   010110102222
        105         7       1        2        2         101   2     2   1  1  2    1  0  1  1  1  2      1    0    0    0    1    0   -1   -1    1   010110102222
        106         8       1        2        2         102   2     2   1  1  2    2  0  1  0  0  1      0    1    0    0    0    1    1    0    0   010110102222
        107         6       1        4        4         103   2     2   1  1  2    1  0  1  0  1  2      1    0    0    0    1    0    0   -1    1   011000112222
        108         7       1        4        4         104   2     2   1  1  2    1  0  1  1  1  2      1    0    0    0    1    0   -1   -1    1   011000112222
        109         8       1        4        4         105   2     2   1  1  2    2  0  1  0  0  1      0    1    0    0    0    1    1    0    0   011000112222
        110         6       1        2        2         106   2     2   1  1  2    1  0  1  0  1  2      1    0    0    0    1    0    0   -1    1   011001012222
        111         7       1        2        2         107   2     2   1  1  2    1  0  1  1  1  2      1    0    0    0    1    0   -1   -1    1   011001012222
        112         8       1        2        2         108   2     2   1  1  2    2  0  1  0  0  1      0    1    0    0    0    1    1    0    0   011001012222
        113         6       1        4        4         109   2     2   1  1  2    1  0  1  0  1  2      1    0    0    0    1    0    0   -1    1   011001102222
        114         7       1        4        4         110   2     2   1  1  2    1  0  1  1  1  2      1    0    0    0    1    0   -1   -1    1   011001102222
        115         8       1        4        4         111   2     2   1  1  2    2  0  1  0  0  1      0    1    0    0    0    1    1    0    0   011001102222
        116         6       1        4        4         112   2     2   1  1  2    1  0  1  0  1  2      1    0    0    0    1    0    0   -1    1   011010012222
        117         7       1        4        4         113   2     2   1  1  2    1  0  1  1  1  2      1    0    0    0    1    0   -1   -1    1   011010012222
        118         8       1        4        4         114   2     2   1  1  2    2  0  1  0  0  1      0    1    0    0    0    1    1    0    0   011010012222
        119         6       1        2        2         115   2     2   1  1  2    1  0  1  0  1  2      1    0    0    0    1    0    0   -1    1   011100012222
        120         7       1        2        2         116   2     2   1  1  2    1  0  1  1  1  2      1    0    0    0    1    0   -1   -1    1   011100012222
        121         8       1        2        2         117   2     2   1  1  2    2  0  1  0  0  1      0    1    0    0    0    1    1    0    0   011100012222
        122         6       1        2        2         118   2     2   1  1  2    1  0  1  0  1  2      1    0    0    0    1    0    0   -1    1   011100102222
        123         7       1        2        2         119   2     2   1  1  2    1  0  1  1  1  2      1    0    0    0    1    0   -1   -1    1   011100102222
        124         8       1        2        2         120   2     2   1  1  2    2  0  1  0  0  1      0    1    0    0    0    1    1    0    0   011100102222
        125         6       1        4        4         121   2     2   1  1  2    1  0  1  0  1  2      1    0    0    0    1    0    0   -1    1   011101002222
        126         7       1        4        4         122   2     2   1  1  2    1  0  1  1  1  2      1    0    0    0    1    0   -1   -1    1   011101002222
        127         8       1        4        4         123   2     2   1  1  2    2  0  1  0  0  1      0    1    0    0    0    1    1    0    0   011101002222
        128         6       1        4        4         124   2     2   1  1  2    1  0  1  0  1  2      1    0    0    0    1    0    0   -1    1   011110002222
        129         7       1        4        4         125   2     2   1  1  2    1  0  1  1  1  2      1    0    0    0    1    0   -1   -1    1   011110002222
        130         8       1        4        4         126   2     2   1  1  2    2  0  1  0  0  1      0    1    0    0    0    1    1    0    0   011110002222
