 # <fortpy version="3" revision="247"></fortpy>
Ni1       
bulk
  2.4767001       0.0000000       0.0000000        # a1 parent lattice vector
  1.2383500       2.1448852       0.0000000        # a2 parent lattice vector
  1.2383500      0.71496173       2.0222171        # a3 parent lattice vector
    1 # Number of points in the multilattice
  0.0000000       0.0000000       0.0000000        # d01 d-vector, labels: 0/1
 2-nary case
   1   6 # Starting and ending cell sizes for search
 0.10000000E-06 # Epsilon (finite precision parameter)
Concentration check:
    T
Including only structures of which the concentration   of each atom is in the range:
Type 1:    1/   2 --    1/   2
Type 2:    1/   2 --    1/   2
full list of labelings (including incomplete labelings) is used
(Non)Equivalency list: 1
start   #tot      HNF     Hdegn   labdegn   Totdegn   #size idx    pg    SNF             HNF                 Left transform                          labeling
          1         1       4        0        0           1   2    12   1  1  2    1  0  1  0  0  2      1    0    0    0    1    0    0    0    1   01
          2         2       3        0        0           2   2    16   1  1  2    1  0  1  0  1  2      1    0    0    0    1    0    0   -1    1   01
          3         3       4        0        0           1   4    12   1  1  4    1  0  1  0  0  4      1    0    0    0    1    0    0    0    1   0011
          4         4       6        0        0           2   4     8   1  1  4    1  0  1  0  1  4      1    0    0    0    1    0    0   -1    1   0011
          5         5      12        0        0           3   4     4   1  1  4    1  0  1  0  2  4      1    0    0    0    1    0    0   -2    1   0011
          6         6       3        0        0           4   4    16   1  1  4    1  0  1  0  3  4      1    0    0    0    1    0    0   -3    1   0011
          7         7       3        0        0           5   4    16   1  1  4    1  0  1  1  2  4      1    0    0    0    1    0   -1   -2    1   0011
          8        10       4        0        0           1   6    12   1  1  6    1  0  1  0  0  6      1    0    0    0    1    0    0    0    1   000111
          9        11       6        0        0           2   6     8   1  1  6    1  0  1  0  1  6      1    0    0    0    1    0    0   -1    1   000111
         10        12      12        0        0           3   6     4   1  1  6    1  0  1  0  2  6      1    0    0    0    1    0    0   -2    1   000111
         11        13      12        0        0           4   6     4   1  1  6    1  0  1  0  3  6      1    0    0    0    1    0    0   -3    1   000111
         12        14      12        0        0           5   6     4   1  1  6    1  0  1  0  4  6      1    0    0    0    1    0    0   -4    1   000111
         13        15       3        0        0           6   6    16   1  1  6    1  0  1  0  5  6      1    0    0    0    1    0    0   -5    1   000111
         14        16      12        0        0           7   6     4   1  1  6    1  0  1  1  2  6      1    0    0    0    1    0   -1   -2    1   000111
         15        17      12        0        0           8   6     4   1  1  6    1  0  1  1  3  6      1    0    0    0    1    0   -1   -3    1   000111
         16        18      12        0        0           9   6     4   1  1  6    1  0  1  2  2  6      1    0    0    0    1    0   -2   -2    1   000111
         17        19       6        0        0          10   6     8   1  1  6    1  0  1  2  3  6      1    0    0    0    1    0   -2   -3    1   000111
         18        10       4        0        0          11   6    12   1  1  6    1  0  1  0  0  6      1    0    0    0    1    0    0    0    1   001011
         19        11       6        0        0          12   6     8   1  1  6    1  0  1  0  1  6      1    0    0    0    1    0    0   -1    1   001011
         20        12      12        0        0          13   6     4   1  1  6    1  0  1  0  2  6      1    0    0    0    1    0    0   -2    1   001011
         21        13      12        0        0          14   6     4   1  1  6    1  0  1  0  3  6      1    0    0    0    1    0    0   -3    1   001011
         22        14      12        0        0          15   6     4   1  1  6    1  0  1  0  4  6      1    0    0    0    1    0    0   -4    1   001011
         23        15       3        0        0          16   6    16   1  1  6    1  0  1  0  5  6      1    0    0    0    1    0    0   -5    1   001011
         24        16      12        0        0          17   6     4   1  1  6    1  0  1  1  2  6      1    0    0    0    1    0   -1   -2    1   001011
         25        17      12        0        0          18   6     4   1  1  6    1  0  1  1  3  6      1    0    0    0    1    0   -1   -3    1   001011
         26        18      12        0        0          19   6     4   1  1  6    1  0  1  2  2  6      1    0    0    0    1    0   -2   -2    1   001011
         27        19       6        0        0          20   6     8   1  1  6    1  0  1  2  3  6      1    0    0    0    1    0   -2   -3    1   001011
