 Original concentration ranges:
   1    1    2
   1    1    2

 Numbers for given cell size:
   1    1    2
   1    1    2

 Number of discrete partitions:     1

 generated list:
   1    1
 Original concentration ranges:
   1    1    2
   1    1    2

 Numbers for given cell size:
   2    2    4
   2    2    4

 Number of discrete partitions:     1

 generated list:
   2    2
 Original concentration ranges:
   1    1    2
   1    1    2

 Numbers for given cell size:
   3    3    6
   3    3    6

 Number of discrete partitions:     1

 generated list:
   3    3
 Original concentration ranges:
   1    1    2
   1    1    2

 Numbers for given cell size:
   4    4    8
   4    4    8

 Number of discrete partitions:     1

 generated list:
   4    4
 Original concentration ranges:
   1    1    2
   1    1    2

 Numbers for given cell size:
   5    5   10
   5    5   10

 Number of discrete partitions:     1

 generated list:
   5    5
 Original concentration ranges:
   1    1    2
   1    1    2

 Numbers for given cell size:
   6    6   12
   6    6   12

 Number of discrete partitions:     1

 generated list:
   6    6
