Number of symmetry operations:  4
Op #: 1
 -1.000000   0.000000   0.000000
  0.000000  -1.000000   0.000000
  0.000000   0.000000  -1.000000
shift:  -0.0000  -0.0000  -0.0000
Op #: 2
 -1.000000   0.000000   0.000000
  0.000000  -1.000000   0.000000
  0.000000   0.000000   1.000000
shift:  -0.0000  -0.0000   2.0078
Op #: 3
  1.000000   0.000000   0.000000
  0.000000   1.000000   0.000000
  0.000000   0.000000  -1.000000
shift:   0.0000   0.0000   2.0078
Op #: 4
  1.000000   0.000000   0.000000
  0.000000   1.000000   0.000000
  0.000000   0.000000   1.000000
shift:   0.0000   0.0000   0.0000
