 # <fortpy version="3" revision="247"></fortpy>
Eu1 O1    
bulk
  3.5926456       0.0000000       0.0000000        # a1 parent lattice vector
  1.7963845       3.1112791       0.0000000        # a2 parent lattice vector
  1.7963930       1.0371167       2.9333340        # a3 parent lattice vector
    2 # Number of points in the multilattice
  0.0000000       0.0000000       0.0000000        # d01 d-vector, labels: 0/1
  3.5927117       2.0741978       1.4666671        # d02 d-vector, labels: 2
 3-nary case
   2   4 # Starting and ending cell sizes for search
 0.10000000E-06 # Epsilon (finite precision parameter)
Concentration check:
    T
Including only structures of which the concentration   of each atom is in the range:
Type 1:    1/   2 --    1/   2
Type 2:    1/   2 --    1/   2
Type 3:    0/   1 --    0/   1
full list of labelings (including incomplete labelings) is used
(Non)Equivalency list: 1  2
start   #tot      HNF     Hdegn   labdegn   Totdegn   #size idx    pg    SNF             HNF                 Left transform                          labeling
          1         1       1        2        2           1   2     2   1  1  2    1  0  1  0  0  2      1    0    0    0    1    0    0    0    1   0122
          2         2       1        2        2           2   2     2   1  1  2    1  0  1  0  1  2      1    0    0    0    1    0    0   -1    1   0122
          3         3       1        2        2           3   2     2   1  1  2    1  0  1  1  0  2      1    0    0    0    1    0   -1    0    1   0122
          4         4       1        2        2           4   2     2   1  1  2    1  0  1  1  1  2      1    0    0    0    1    0   -1   -1    1   0122
          5         5       1        2        2           5   2     2   1  1  2    1  0  2  0  0  1      1    0    0    0    0    1    0    1    0   0122
          6         6       1        2        2           6   2     2   1  1  2    1  1  2  0  0  1      1    0    0    0    0    1   -1    1    0   0122
          7         7       1        2        2           7   2     2   1  1  2    2  0  1  0  0  1      0    1    0    0    0    1    1    0    0   0122
          8         8       1        4        4           1   4     2   1  1  4    1  0  1  0  0  4      1    0    0    0    1    0    0    0    1   00112222
          9         9       1        4        4           2   4     2   1  1  4    1  0  1  0  1  4      1    0    0    0    1    0    0   -1    1   00112222
         10        10       1        4        4           3   4     2   1  1  4    1  0  1  0  2  4      1    0    0    0    1    0    0   -2    1   00112222
         11        11       1        4        4           4   4     2   1  1  4    1  0  1  0  3  4      1    0    0    0    1    0    0   -3    1   00112222
         12        12       1        4        4           5   4     2   1  1  4    1  0  1  1  0  4      1    0    0    0    1    0   -1    0    1   00112222
         13        13       1        4        4           6   4     2   1  1  4    1  0  1  1  1  4      1    0    0    0    1    0   -1   -1    1   00112222
         14        14       1        4        4           7   4     2   1  1  4    1  0  1  1  2  4      1    0    0    0    1    0   -1   -2    1   00112222
         15        15       1        4        4           8   4     2   1  1  4    1  0  1  1  3  4      1    0    0    0    1    0   -1   -3    1   00112222
         16        16       1        4        4           9   4     2   1  1  4    1  0  1  2  0  4      1    0    0    0    1    0   -2    0    1   00112222
         17        17       1        4        4          10   4     2   1  1  4    1  0  1  2  1  4      1    0    0    0    1    0   -2   -1    1   00112222
         18        18       1        4        4          11   4     2   1  1  4    1  0  1  2  2  4      1    0    0    0    1    0   -2   -2    1   00112222
         19        19       1        4        4          12   4     2   1  1  4    1  0  1  2  3  4      1    0    0    0    1    0   -2   -3    1   00112222
         20        20       1        4        4          13   4     2   1  1  4    1  0  1  3  0  4      1    0    0    0    1    0   -3    0    1   00112222
         21        21       1        4        4          14   4     2   1  1  4    1  0  1  3  1  4      1    0    0    0    1    0   -3   -1    1   00112222
         22        22       1        4        4          15   4     2   1  1  4    1  0  1  3  2  4      1    0    0    0    1    0   -3   -2    1   00112222
         23        23       1        4        4          16   4     2   1  1  4    1  0  1  3  3  4      1    0    0    0    1    0   -3   -3    1   00112222
         24        24       1        4        4          17   4     2   1  1  4    1  0  2  0  1  2      1    0    0    0    0    1    0   -1    2   00112222
         25        25       1        4        4          18   4     2   1  1  4    1  0  2  1  1  2      1    0    0   -1    0    1   -2   -1    2   00112222
         26        26       1        4        4          19   4     2   1  1  4    1  1  2  0  1  2      1    0    0    0    0    1    1   -1    2   00112222
         27        27       1        4        4          20   4     2   1  1  4    1  1  2  1  1  2      1    0    0   -1    0    1   -1   -1    2   00112222
         28        28       1        4        4          21   4     2   1  1  4    1  0  4  0  0  1      1    0    0    0    0    1    0    1    0   00112222
         29        29       1        4        4          22   4     2   1  1  4    1  1  4  0  0  1      1    0    0    0    0    1   -1    1    0   00112222
         30        30       1        4        4          23   4     2   1  1  4    1  2  4  0  0  1      1    0    0    0    0    1   -2    1    0   00112222
         31        31       1        4        4          24   4     2   1  1  4    1  3  4  0  0  1      1    0    0    0    0    1   -3    1    0   00112222
         32        32       1        4        4          25   4     2   1  1  4    2  0  1  1  0  2      0    0    1    0    1    0   -1    0    2   00112222
         33        33       1        4        4          26   4     2   1  1  4    2  0  1  1  1  2      0    0    1    0    1    0   -1   -2    2   00112222
         34        34       1        4        4          27   4     2   1  1  4    2  1  2  0  0  1      0    1    0    0    0    1   -1    2    0   00112222
         35        35       1        4        4          28   4     2   1  1  4    4  0  1  0  0  1      0    1    0    0    0    1    1    0    0   00112222
